C51 COMPILER V9.57.0.0   LED                                                               04/15/2020 11:04:56 PAGE 1   


C51 COMPILER V9.57.0.0, COMPILATION OF MODULE LED
OBJECT MODULE PLACED IN led.OBJ
COMPILER INVOKED BY: C:\Keil_v5\C51\BIN\C51.EXE led.c BROWSE DEBUG OBJECTEXTEND

line level    source

   1          #include<reg52.h>
   2          
   3             sbit LED = P0^0;
   4             sbit ADDR0 = P1^0;
   5             sbit ADDR1 = P1^1;
   6             sbit ADDR2 = P1^2;
   7             sbit ADDR3 = P1^3;
   8             sbit ENLED = P1^4;
   9          
  10             void main()
  11             {
  12   1             unsigned int i = 0;
  13   1      
  14   1             ENLED = 0;
  15   1                 ADDR3 = 1;
  16   1                 ADDR2 = 1;
  17   1                 ADDR1 = 1;
  18   1                 ADDR0 = 0;
  19   1             LED = 0;
  20   1                 while(1)
  21   1                 {
  22   2                    LED = 0;
  23   2                        for(i=0;i<30000;i++);
  24   2                        LED = 1;
  25   2                        for(i=0;i<30000;i++);
  26   2                 }
  27   1         }


MODULE INFORMATION:   STATIC OVERLAYABLE
   CODE SIZE        =     49    ----
   CONSTANT SIZE    =   ----    ----
   XDATA SIZE       =   ----    ----
   PDATA SIZE       =   ----    ----
   DATA SIZE        =   ----    ----
   IDATA SIZE       =   ----    ----
   BIT SIZE         =   ----    ----
END OF MODULE INFORMATION.


C51 COMPILATION COMPLETE.  0 WARNING(S),  0 ERROR(S)
